0 info it worked if it ends with ok
1 verbose cli [ 'node', '/usr/local/bin/npm', 'install' ]
2 info using npm@1.4.3
3 info using node@v0.10.26
4 warn package.json TSFeatureStoryMisalignment@0.1.0 No repository field.
5 verbose readDependencies using package.json deps
6 verbose install where, deps [ '/Users/jmartin/views/2015/apps/cisco/data-validation/feature-story-misalignment-by-project',
6 verbose install   [ 'grunt',
6 verbose install     'grunt-cli',
6 verbose install     'grunt-contrib-jasmine',
6 verbose install     'grunt-templater',
6 verbose install     'underscore',
6 verbose install     'grunt-contrib-uglify' ] ]
7 info preinstall TSFeatureStoryMisalignment@0.1.0
8 verbose readDependencies using package.json deps
9 verbose cache add [ 'grunt@~0.4.1', null ]
10 verbose cache add name=undefined spec="grunt@~0.4.1" args=["grunt@~0.4.1",null]
11 verbose parsed url { protocol: null,
11 verbose parsed url   slashes: null,
11 verbose parsed url   auth: null,
11 verbose parsed url   host: null,
11 verbose parsed url   port: null,
11 verbose parsed url   hostname: null,
11 verbose parsed url   hash: null,
11 verbose parsed url   search: null,
11 verbose parsed url   query: null,
11 verbose parsed url   pathname: 'grunt@~0.4.1',
11 verbose parsed url   path: 'grunt@~0.4.1',
11 verbose parsed url   href: 'grunt@~0.4.1' }
12 verbose cache add name="grunt" spec="~0.4.1" args=["grunt","~0.4.1"]
13 verbose parsed url { protocol: null,
13 verbose parsed url   slashes: null,
13 verbose parsed url   auth: null,
13 verbose parsed url   host: null,
13 verbose parsed url   port: null,
13 verbose parsed url   hostname: null,
13 verbose parsed url   hash: null,
13 verbose parsed url   search: null,
13 verbose parsed url   query: null,
13 verbose parsed url   pathname: '~0.4.1',
13 verbose parsed url   path: '~0.4.1',
13 verbose parsed url   href: '~0.4.1' }
14 verbose addNamed [ 'grunt', '~0.4.1' ]
15 verbose addNamed [ null, '>=0.4.1-0 <0.5.0-0' ]
16 verbose cache add [ 'grunt-cli@0.1.6', null ]
17 verbose cache add name=undefined spec="grunt-cli@0.1.6" args=["grunt-cli@0.1.6",null]
18 verbose parsed url { protocol: null,
18 verbose parsed url   slashes: null,
18 verbose parsed url   auth: null,
18 verbose parsed url   host: null,
18 verbose parsed url   port: null,
18 verbose parsed url   hostname: null,
18 verbose parsed url   hash: null,
18 verbose parsed url   search: null,
18 verbose parsed url   query: null,
18 verbose parsed url   pathname: 'grunt-cli@0.1.6',
18 verbose parsed url   path: 'grunt-cli@0.1.6',
18 verbose parsed url   href: 'grunt-cli@0.1.6' }
19 verbose cache add name="grunt-cli" spec="0.1.6" args=["grunt-cli","0.1.6"]
20 verbose parsed url { protocol: null,
20 verbose parsed url   slashes: null,
20 verbose parsed url   auth: null,
20 verbose parsed url   host: null,
20 verbose parsed url   port: null,
20 verbose parsed url   hostname: null,
20 verbose parsed url   hash: null,
20 verbose parsed url   search: null,
20 verbose parsed url   query: null,
20 verbose parsed url   pathname: '0.1.6',
20 verbose parsed url   path: '0.1.6',
20 verbose parsed url   href: '0.1.6' }
21 verbose addNamed [ 'grunt-cli', '0.1.6' ]
22 verbose addNamed [ '0.1.6', '0.1.6' ]
23 silly lockFile 766a3bd3-grunt-0-4-1 grunt@~0.4.1
24 verbose lock grunt@~0.4.1 /Users/jmartin/.npm/766a3bd3-grunt-0-4-1.lock
25 verbose cache add [ 'grunt-templater@git://github.com/rockwood/grunt-templater.git',
25 verbose cache add   null ]
26 verbose cache add name=undefined spec="grunt-templater@git://github.com/rockwood/grunt-templater.git" args=["grunt-templater@git://github.com/rockwood/grunt-templater.git",null]
27 verbose parsed url { protocol: null,
27 verbose parsed url   slashes: null,
27 verbose parsed url   auth: null,
27 verbose parsed url   host: null,
27 verbose parsed url   port: null,
27 verbose parsed url   hostname: null,
27 verbose parsed url   hash: null,
27 verbose parsed url   search: null,
27 verbose parsed url   query: null,
27 verbose parsed url   pathname: 'grunt-templater@git://github.com/rockwood/grunt-templater.git',
27 verbose parsed url   path: 'grunt-templater@git://github.com/rockwood/grunt-templater.git',
27 verbose parsed url   href: 'grunt-templater@git://github.com/rockwood/grunt-templater.git' }
28 verbose cache add [ 'grunt-contrib-jasmine@~0.5.2', null ]
29 verbose cache add name=undefined spec="grunt-contrib-jasmine@~0.5.2" args=["grunt-contrib-jasmine@~0.5.2",null]
30 verbose parsed url { protocol: null,
30 verbose parsed url   slashes: null,
30 verbose parsed url   auth: null,
30 verbose parsed url   host: null,
30 verbose parsed url   port: null,
30 verbose parsed url   hostname: null,
30 verbose parsed url   hash: null,
30 verbose parsed url   search: null,
30 verbose parsed url   query: null,
30 verbose parsed url   pathname: 'grunt-contrib-jasmine@~0.5.2',
30 verbose parsed url   path: 'grunt-contrib-jasmine@~0.5.2',
30 verbose parsed url   href: 'grunt-contrib-jasmine@~0.5.2' }
31 verbose cache add name="grunt-contrib-jasmine" spec="~0.5.2" args=["grunt-contrib-jasmine","~0.5.2"]
32 verbose parsed url { protocol: null,
32 verbose parsed url   slashes: null,
32 verbose parsed url   auth: null,
32 verbose parsed url   host: null,
32 verbose parsed url   port: null,
32 verbose parsed url   hostname: null,
32 verbose parsed url   hash: null,
32 verbose parsed url   search: null,
32 verbose parsed url   query: null,
32 verbose parsed url   pathname: '~0.5.2',
32 verbose parsed url   path: '~0.5.2',
32 verbose parsed url   href: '~0.5.2' }
33 verbose addNamed [ 'grunt-contrib-jasmine', '~0.5.2' ]
34 verbose addNamed [ null, '>=0.5.2-0 <0.6.0-0' ]
35 silly lockFile ccb1ef19-grunt-contrib-jasmine-0-5-2 grunt-contrib-jasmine@~0.5.2
36 verbose lock grunt-contrib-jasmine@~0.5.2 /Users/jmartin/.npm/ccb1ef19-grunt-contrib-jasmine-0-5-2.lock
37 verbose cache add [ 'underscore@1.4.4', null ]
38 verbose cache add name=undefined spec="underscore@1.4.4" args=["underscore@1.4.4",null]
39 verbose parsed url { protocol: null,
39 verbose parsed url   slashes: null,
39 verbose parsed url   auth: null,
39 verbose parsed url   host: null,
39 verbose parsed url   port: null,
39 verbose parsed url   hostname: null,
39 verbose parsed url   hash: null,
39 verbose parsed url   search: null,
39 verbose parsed url   query: null,
39 verbose parsed url   pathname: 'underscore@1.4.4',
39 verbose parsed url   path: 'underscore@1.4.4',
39 verbose parsed url   href: 'underscore@1.4.4' }
40 verbose cache add name="underscore" spec="1.4.4" args=["underscore","1.4.4"]
41 verbose parsed url { protocol: null,
41 verbose parsed url   slashes: null,
41 verbose parsed url   auth: null,
41 verbose parsed url   host: null,
41 verbose parsed url   port: null,
41 verbose parsed url   hostname: null,
41 verbose parsed url   hash: null,
41 verbose parsed url   search: null,
41 verbose parsed url   query: null,
41 verbose parsed url   pathname: '1.4.4',
41 verbose parsed url   path: '1.4.4',
41 verbose parsed url   href: '1.4.4' }
42 verbose addNamed [ 'underscore', '1.4.4' ]
43 verbose addNamed [ '1.4.4', '1.4.4' ]
44 silly lockFile c6b5e825-underscore-1-4-4 underscore@1.4.4
45 verbose lock underscore@1.4.4 /Users/jmartin/.npm/c6b5e825-underscore-1-4-4.lock
46 verbose cache add [ 'grunt-contrib-uglify@0.3.2', null ]
47 verbose cache add name=undefined spec="grunt-contrib-uglify@0.3.2" args=["grunt-contrib-uglify@0.3.2",null]
48 verbose parsed url { protocol: null,
48 verbose parsed url   slashes: null,
48 verbose parsed url   auth: null,
48 verbose parsed url   host: null,
48 verbose parsed url   port: null,
48 verbose parsed url   hostname: null,
48 verbose parsed url   hash: null,
48 verbose parsed url   search: null,
48 verbose parsed url   query: null,
48 verbose parsed url   pathname: 'grunt-contrib-uglify@0.3.2',
48 verbose parsed url   path: 'grunt-contrib-uglify@0.3.2',
48 verbose parsed url   href: 'grunt-contrib-uglify@0.3.2' }
49 verbose cache add name="grunt-contrib-uglify" spec="0.3.2" args=["grunt-contrib-uglify","0.3.2"]
50 verbose parsed url { protocol: null,
50 verbose parsed url   slashes: null,
50 verbose parsed url   auth: null,
50 verbose parsed url   host: null,
50 verbose parsed url   port: null,
50 verbose parsed url   hostname: null,
50 verbose parsed url   hash: null,
50 verbose parsed url   search: null,
50 verbose parsed url   query: null,
50 verbose parsed url   pathname: '0.3.2',
50 verbose parsed url   path: '0.3.2',
50 verbose parsed url   href: '0.3.2' }
51 verbose addNamed [ 'grunt-contrib-uglify', '0.3.2' ]
52 verbose addNamed [ '0.3.2', '0.3.2' ]
53 silly lockFile 9a3ea55c-grunt-contrib-uglify-0-3-2 grunt-contrib-uglify@0.3.2
54 verbose lock grunt-contrib-uglify@0.3.2 /Users/jmartin/.npm/9a3ea55c-grunt-contrib-uglify-0-3-2.lock
55 silly lockFile dc8a40ae-grunt-cli-0-1-6 grunt-cli@0.1.6
56 verbose lock grunt-cli@0.1.6 /Users/jmartin/.npm/dc8a40ae-grunt-cli-0-1-6.lock
57 verbose cache add name="grunt-templater" spec="git://github.com/rockwood/grunt-templater.git" args=["grunt-templater","git://github.com/rockwood/grunt-templater.git"]
58 verbose parsed url { protocol: 'git:',
58 verbose parsed url   slashes: true,
58 verbose parsed url   auth: null,
58 verbose parsed url   host: 'github.com',
58 verbose parsed url   port: null,
58 verbose parsed url   hostname: 'github.com',
58 verbose parsed url   hash: null,
58 verbose parsed url   search: null,
58 verbose parsed url   query: null,
58 verbose parsed url   pathname: '/rockwood/grunt-templater.git',
58 verbose parsed url   path: '/rockwood/grunt-templater.git',
58 verbose parsed url   href: 'git://github.com/rockwood/grunt-templater.git' }
59 silly lockFile e646b1ec-com-rockwood-grunt-templater-git git://github.com/rockwood/grunt-templater.git
60 verbose lock git://github.com/rockwood/grunt-templater.git /Users/jmartin/.npm/e646b1ec-com-rockwood-grunt-templater-git.lock
61 silly addNameRange { name: 'grunt', range: '>=0.4.1-0 <0.5.0-0', hasData: false }
62 silly addNameRange { name: 'grunt-contrib-jasmine',
62 silly addNameRange   range: '>=0.5.2-0 <0.6.0-0',
62 silly addNameRange   hasData: false }
63 verbose addRemoteGit [ 'git://github.com/rockwood/grunt-templater.git', 'master' ]
64 verbose url raw grunt-contrib-uglify/0.3.2
65 verbose url resolving [ 'https://registry.npmjs.org/',
65 verbose url resolving   './grunt-contrib-uglify/0.3.2' ]
66 verbose url resolved https://registry.npmjs.org/grunt-contrib-uglify/0.3.2
67 info trying registry request attempt 1 at 07:49:36
68 verbose etag "5KT7I7JLPZBKJ2O9ODS4R7SNQ"
69 http GET https://registry.npmjs.org/grunt-contrib-uglify/0.3.2
70 verbose url raw grunt-cli/0.1.6
71 verbose url resolving [ 'https://registry.npmjs.org/', './grunt-cli/0.1.6' ]
72 verbose url resolved https://registry.npmjs.org/grunt-cli/0.1.6
73 info trying registry request attempt 1 at 07:49:36
74 verbose etag "41BLCQPC1D8753U3RABYNOE3R"
75 http GET https://registry.npmjs.org/grunt-cli/0.1.6
76 verbose url raw underscore/1.4.4
77 verbose url resolving [ 'https://registry.npmjs.org/', './underscore/1.4.4' ]
78 verbose url resolved https://registry.npmjs.org/underscore/1.4.4
79 info trying registry request attempt 1 at 07:49:36
80 verbose etag "CJ8R9PDKZ7HTCG4B6CM0T1M6K"
81 http GET https://registry.npmjs.org/underscore/1.4.4
82 verbose url raw grunt-contrib-jasmine
83 verbose url resolving [ 'https://registry.npmjs.org/', './grunt-contrib-jasmine' ]
84 verbose url resolved https://registry.npmjs.org/grunt-contrib-jasmine
85 info trying registry request attempt 1 at 07:49:36
86 verbose etag "94Y86BK928LJHOYWDZXUC0CUV"
87 http GET https://registry.npmjs.org/grunt-contrib-jasmine
88 verbose git remote.origin.url git://github.com/rockwood/grunt-templater.git
89 verbose url raw grunt
90 verbose url resolving [ 'https://registry.npmjs.org/', './grunt' ]
91 verbose url resolved https://registry.npmjs.org/grunt
92 info trying registry request attempt 1 at 07:49:36
93 verbose etag "93CFPAE250IAXNAQDWPL480JC"
94 http GET https://registry.npmjs.org/grunt
95 http 304 https://registry.npmjs.org/grunt-contrib-jasmine
96 silly registry.get cb [ 304,
96 silly registry.get   { date: 'Fri, 11 Dec 2015 15:48:28 GMT',
96 silly registry.get     via: '1.1 varnish',
96 silly registry.get     'cache-control': 'max-age=300',
96 silly registry.get     etag: '"94Y86BK928LJHOYWDZXUC0CUV"',
96 silly registry.get     age: '240',
96 silly registry.get     connection: 'keep-alive',
96 silly registry.get     'x-served-by': 'cache-dfw1828-DFW',
96 silly registry.get     'x-cache': 'HIT',
96 silly registry.get     'x-cache-hits': '1',
96 silly registry.get     'x-timer': 'S1449848908.558426,VS0,VE0',
96 silly registry.get     vary: 'Accept' } ]
97 verbose etag grunt-contrib-jasmine from cache
98 silly addNameRange number 2 { name: 'grunt-contrib-jasmine',
98 silly addNameRange   range: '>=0.5.2-0 <0.6.0-0',
98 silly addNameRange   hasData: true }
99 silly addNameRange versions [ 'grunt-contrib-jasmine',
99 silly addNameRange   [ '0.1.0',
99 silly addNameRange     '0.1.1',
99 silly addNameRange     '0.2.0',
99 silly addNameRange     '0.3.1',
99 silly addNameRange     '0.3.2',
99 silly addNameRange     '0.3.3',
99 silly addNameRange     '0.4.0',
99 silly addNameRange     '0.4.1',
99 silly addNameRange     '0.4.2',
99 silly addNameRange     '0.5.0',
99 silly addNameRange     '0.5.1',
99 silly addNameRange     '0.5.2',
99 silly addNameRange     '0.3.0-rc5',
99 silly addNameRange     '0.3.0-rc7',
99 silly addNameRange     '0.3.1-rc7',
99 silly addNameRange     '0.6.0',
99 silly addNameRange     '0.6.1',
99 silly addNameRange     '0.5.3',
99 silly addNameRange     '0.6.2',
99 silly addNameRange     '0.6.3',
99 silly addNameRange     '0.6.4',
99 silly addNameRange     '0.6.5',
99 silly addNameRange     '0.7.0',
99 silly addNameRange     '0.8.0',
99 silly addNameRange     '0.8.1',
99 silly addNameRange     '0.8.2',
99 silly addNameRange     '0.9.0',
99 silly addNameRange     '0.9.1',
99 silly addNameRange     '0.9.2' ] ]
100 verbose addNamed [ 'grunt-contrib-jasmine', '0.5.3' ]
101 verbose addNamed [ '0.5.3', '0.5.3' ]
102 silly lockFile 7b3f67ed-grunt-contrib-jasmine-0-5-3 grunt-contrib-jasmine@0.5.3
103 verbose lock grunt-contrib-jasmine@0.5.3 /Users/jmartin/.npm/7b3f67ed-grunt-contrib-jasmine-0-5-3.lock
104 silly lockFile 7b3f67ed-grunt-contrib-jasmine-0-5-3 grunt-contrib-jasmine@0.5.3
105 silly lockFile 7b3f67ed-grunt-contrib-jasmine-0-5-3 grunt-contrib-jasmine@0.5.3
106 http 200 https://registry.npmjs.org/grunt
107 silly registry.get cb [ 200,
107 silly registry.get   { server: 'CouchDB/1.5.0 (Erlang OTP/R16B03)',
107 silly registry.get     etag: '"7H4AQYH66TVWV19RC6E8HSJJ9"',
107 silly registry.get     'content-type': 'application/json',
107 silly registry.get     'cache-control': 'max-age=300',
107 silly registry.get     'content-length': '90890',
107 silly registry.get     'accept-ranges': 'bytes',
107 silly registry.get     date: 'Fri, 11 Dec 2015 15:48:28 GMT',
107 silly registry.get     via: '1.1 varnish',
107 silly registry.get     age: '6',
107 silly registry.get     connection: 'keep-alive',
107 silly registry.get     'x-served-by': 'cache-dfw1832-DFW',
107 silly registry.get     'x-cache': 'HIT',
107 silly registry.get     'x-cache-hits': '1',
107 silly registry.get     'x-timer': 'S1449848908.546560,VS0,VE0',
107 silly registry.get     vary: 'Accept' } ]
108 silly lockFile ccb1ef19-grunt-contrib-jasmine-0-5-2 grunt-contrib-jasmine@~0.5.2
109 silly lockFile ccb1ef19-grunt-contrib-jasmine-0-5-2 grunt-contrib-jasmine@~0.5.2
110 silly addNameRange number 2 { name: 'grunt', range: '>=0.4.1-0 <0.5.0-0', hasData: true }
111 silly addNameRange versions [ 'grunt',
111 silly addNameRange   [ '0.1.0',
111 silly addNameRange     '0.1.1',
111 silly addNameRange     '0.1.2',
111 silly addNameRange     '0.2.0',
111 silly addNameRange     '0.2.1',
111 silly addNameRange     '0.2.2',
111 silly addNameRange     '0.2.3',
111 silly addNameRange     '0.2.4',
111 silly addNameRange     '0.2.5',
111 silly addNameRange     '0.2.6',
111 silly addNameRange     '0.2.7',
111 silly addNameRange     '0.2.8',
111 silly addNameRange     '0.2.9',
111 silly addNameRange     '0.2.10',
111 silly addNameRange     '0.2.11',
111 silly addNameRange     '0.2.12',
111 silly addNameRange     '0.2.13',
111 silly addNameRange     '0.2.14',
111 silly addNameRange     '0.2.15',
111 silly addNameRange     '0.3.0',
111 silly addNameRange     '0.3.1',
111 silly addNameRange     '0.3.2',
111 silly addNameRange     '0.3.3',
111 silly addNameRange     '0.3.4',
111 silly addNameRange     '0.3.5',
111 silly addNameRange     '0.3.6',
111 silly addNameRange     '0.3.7',
111 silly addNameRange     '0.3.8',
111 silly addNameRange     '0.3.9',
111 silly addNameRange     '0.3.10',
111 silly addNameRange     '0.3.11',
111 silly addNameRange     '0.3.12',
111 silly addNameRange     '0.3.13',
111 silly addNameRange     '0.3.14',
111 silly addNameRange     '0.3.15',
111 silly addNameRange     '0.3.16',
111 silly addNameRange     '0.3.17',
111 silly addNameRange     '0.4.0',
111 silly addNameRange     '0.4.1',
111 silly addNameRange     '0.4.2',
111 silly addNameRange     '0.4.3',
111 silly addNameRange     '0.4.4',
111 silly addNameRange     '0.4.5',
111 silly addNameRange     '0.3.13-a',
111 silly addNameRange     '0.4.0-a',
111 silly addNameRange     '0.4.0-rc1',
111 silly addNameRange     '0.4.0-rc2',
111 silly addNameRange     '0.4.0-rc3',
111 silly addNameRange     '0.4.0-rc4',
111 silly addNameRange     '0.4.0-rc5',
111 silly addNameRange     '0.4.0-rc6',
111 silly addNameRange     '0.4.0-rc7',
111 silly addNameRange     '0.4.0-rc8' ] ]
112 verbose addNamed [ 'grunt', '0.4.5' ]
113 verbose addNamed [ '0.4.5', '0.4.5' ]
114 silly lockFile 81abf7ad-grunt-0-4-5 grunt@0.4.5
115 verbose lock grunt@0.4.5 /Users/jmartin/.npm/81abf7ad-grunt-0-4-5.lock
116 http 200 https://registry.npmjs.org/grunt-cli/0.1.6
117 silly registry.get cb [ 200,
117 silly registry.get   { server: 'CouchDB/1.5.0 (Erlang OTP/R16B03)',
117 silly registry.get     etag: '"CLMB53JZ8BI8YDN3PHQLMRKVS"',
117 silly registry.get     'content-type': 'application/json',
117 silly registry.get     'cache-control': 'max-age=300',
117 silly registry.get     'content-length': '1159',
117 silly registry.get     'accept-ranges': 'bytes',
117 silly registry.get     date: 'Fri, 11 Dec 2015 15:48:28 GMT',
117 silly registry.get     via: '1.1 varnish',
117 silly registry.get     age: '0',
117 silly registry.get     connection: 'keep-alive',
117 silly registry.get     'x-served-by': 'cache-dfw1835-DFW',
117 silly registry.get     'x-cache': 'MISS',
117 silly registry.get     'x-cache-hits': '0',
117 silly registry.get     'x-timer': 'S1449848908.544080,VS0,VE63',
117 silly registry.get     vary: 'Accept' } ]
118 silly lockFile c8f06e91-rg-grunt-cli-grunt-cli-0-1-6-tgz https://registry.npmjs.org/grunt-cli/-/grunt-cli-0.1.6.tgz
119 verbose lock https://registry.npmjs.org/grunt-cli/-/grunt-cli-0.1.6.tgz /Users/jmartin/.npm/c8f06e91-rg-grunt-cli-grunt-cli-0-1-6-tgz.lock
120 verbose addRemoteTarball [ 'https://registry.npmjs.org/grunt-cli/-/grunt-cli-0.1.6.tgz',
120 verbose addRemoteTarball   'fd541b4ed908215229f8444e73e18cdbb626f413' ]
121 info retry fetch attempt 1 at 07:49:36
122 verbose fetch to= /var/folders/x7/lmkzs99s4yn8lfjg8j60fbh0lr04jq/T/npm-4670-vIYc0YK5/1449848976718-0.4241363911423832/tmp.tgz
123 http GET https://registry.npmjs.org/grunt-cli/-/grunt-cli-0.1.6.tgz
124 silly lockFile 81abf7ad-grunt-0-4-5 grunt@0.4.5
125 silly lockFile 81abf7ad-grunt-0-4-5 grunt@0.4.5
126 silly lockFile 766a3bd3-grunt-0-4-1 grunt@~0.4.1
127 silly lockFile 766a3bd3-grunt-0-4-1 grunt@~0.4.1
128 http 200 https://registry.npmjs.org/underscore/1.4.4
129 silly registry.get cb [ 200,
129 silly registry.get   { server: 'CouchDB/1.5.0 (Erlang OTP/R16B03)',
129 silly registry.get     etag: '"BZ2KHFZJ7ELOKE25BFTDBWJEY"',
129 silly registry.get     'content-type': 'application/json',
129 silly registry.get     'cache-control': 'max-age=300',
129 silly registry.get     'content-length': '832',
129 silly registry.get     'accept-ranges': 'bytes',
129 silly registry.get     date: 'Fri, 11 Dec 2015 15:48:28 GMT',
129 silly registry.get     via: '1.1 varnish',
129 silly registry.get     age: '0',
129 silly registry.get     connection: 'keep-alive',
129 silly registry.get     'x-served-by': 'cache-dfw1827-DFW',
129 silly registry.get     'x-cache': 'MISS',
129 silly registry.get     'x-cache-hits': '0',
129 silly registry.get     'x-timer': 'S1449848908.587686,VS0,VE46',
129 silly registry.get     vary: 'Accept' } ]
130 silly lockFile 91efdde3--underscore-underscore-1-4-4-tgz https://registry.npmjs.org/underscore/-/underscore-1.4.4.tgz
131 verbose lock https://registry.npmjs.org/underscore/-/underscore-1.4.4.tgz /Users/jmartin/.npm/91efdde3--underscore-underscore-1-4-4-tgz.lock
132 verbose addRemoteTarball [ 'https://registry.npmjs.org/underscore/-/underscore-1.4.4.tgz',
132 verbose addRemoteTarball   '61a6a32010622afa07963bf325203cf12239d604' ]
133 info retry fetch attempt 1 at 07:49:36
134 verbose fetch to= /var/folders/x7/lmkzs99s4yn8lfjg8j60fbh0lr04jq/T/npm-4670-vIYc0YK5/1449848976731-0.14872219506651163/tmp.tgz
135 http GET https://registry.npmjs.org/underscore/-/underscore-1.4.4.tgz
136 http 200 https://registry.npmjs.org/grunt-contrib-uglify/0.3.2
137 silly registry.get cb [ 200,
137 silly registry.get   { server: 'CouchDB/1.5.0 (Erlang OTP/R16B03)',
137 silly registry.get     etag: '"28Y5YRPW6OQCZ0HKBVWR01OTH"',
137 silly registry.get     'content-type': 'application/json',
137 silly registry.get     'cache-control': 'max-age=300',
137 silly registry.get     'content-length': '1255',
137 silly registry.get     'accept-ranges': 'bytes',
137 silly registry.get     date: 'Fri, 11 Dec 2015 15:48:28 GMT',
137 silly registry.get     via: '1.1 varnish',
137 silly registry.get     age: '0',
137 silly registry.get     connection: 'keep-alive',
137 silly registry.get     'x-served-by': 'cache-dfw1832-DFW',
137 silly registry.get     'x-cache': 'MISS',
137 silly registry.get     'x-cache-hits': '0',
137 silly registry.get     'x-timer': 'S1449848908.555473,VS0,VE82',
137 silly registry.get     vary: 'Accept' } ]
138 silly lockFile f9eaf965-y-grunt-contrib-uglify-0-3-2-tgz https://registry.npmjs.org/grunt-contrib-uglify/-/grunt-contrib-uglify-0.3.2.tgz
139 verbose lock https://registry.npmjs.org/grunt-contrib-uglify/-/grunt-contrib-uglify-0.3.2.tgz /Users/jmartin/.npm/f9eaf965-y-grunt-contrib-uglify-0-3-2-tgz.lock
140 verbose addRemoteTarball [ 'https://registry.npmjs.org/grunt-contrib-uglify/-/grunt-contrib-uglify-0.3.2.tgz',
140 verbose addRemoteTarball   '865b00ae0d11d1f5fafca3967c9b099f8929684b' ]
141 info retry fetch attempt 1 at 07:49:36
142 verbose fetch to= /var/folders/x7/lmkzs99s4yn8lfjg8j60fbh0lr04jq/T/npm-4670-vIYc0YK5/1449848976735-0.6990879930090159/tmp.tgz
143 http GET https://registry.npmjs.org/grunt-contrib-uglify/-/grunt-contrib-uglify-0.3.2.tgz
144 http 200 https://registry.npmjs.org/underscore/-/underscore-1.4.4.tgz
145 http 200 https://registry.npmjs.org/grunt-contrib-uglify/-/grunt-contrib-uglify-0.3.2.tgz
146 verbose tar unpack /var/folders/x7/lmkzs99s4yn8lfjg8j60fbh0lr04jq/T/npm-4670-vIYc0YK5/1449848976735-0.6990879930090159/tmp.tgz
147 silly lockFile 560d9bf1-76735-0-6990879930090159-package tar:///var/folders/x7/lmkzs99s4yn8lfjg8j60fbh0lr04jq/T/npm-4670-vIYc0YK5/1449848976735-0.6990879930090159/package
148 verbose lock tar:///var/folders/x7/lmkzs99s4yn8lfjg8j60fbh0lr04jq/T/npm-4670-vIYc0YK5/1449848976735-0.6990879930090159/package /Users/jmartin/.npm/560d9bf1-76735-0-6990879930090159-package.lock
149 silly lockFile c1f9c08b-76735-0-6990879930090159-tmp-tgz tar:///var/folders/x7/lmkzs99s4yn8lfjg8j60fbh0lr04jq/T/npm-4670-vIYc0YK5/1449848976735-0.6990879930090159/tmp.tgz
150 verbose lock tar:///var/folders/x7/lmkzs99s4yn8lfjg8j60fbh0lr04jq/T/npm-4670-vIYc0YK5/1449848976735-0.6990879930090159/tmp.tgz /Users/jmartin/.npm/c1f9c08b-76735-0-6990879930090159-tmp-tgz.lock
151 verbose tar unpack /var/folders/x7/lmkzs99s4yn8lfjg8j60fbh0lr04jq/T/npm-4670-vIYc0YK5/1449848976731-0.14872219506651163/tmp.tgz
152 silly lockFile f3ee8aaf-6731-0-14872219506651163-package tar:///var/folders/x7/lmkzs99s4yn8lfjg8j60fbh0lr04jq/T/npm-4670-vIYc0YK5/1449848976731-0.14872219506651163/package
153 verbose lock tar:///var/folders/x7/lmkzs99s4yn8lfjg8j60fbh0lr04jq/T/npm-4670-vIYc0YK5/1449848976731-0.14872219506651163/package /Users/jmartin/.npm/f3ee8aaf-6731-0-14872219506651163-package.lock
154 silly lockFile f01b3d38-6731-0-14872219506651163-tmp-tgz tar:///var/folders/x7/lmkzs99s4yn8lfjg8j60fbh0lr04jq/T/npm-4670-vIYc0YK5/1449848976731-0.14872219506651163/tmp.tgz
155 verbose lock tar:///var/folders/x7/lmkzs99s4yn8lfjg8j60fbh0lr04jq/T/npm-4670-vIYc0YK5/1449848976731-0.14872219506651163/tmp.tgz /Users/jmartin/.npm/f01b3d38-6731-0-14872219506651163-tmp-tgz.lock
156 silly gunzTarPerm modes [ '755', '644' ]
157 silly gunzTarPerm modes [ '755', '644' ]
158 silly gunzTarPerm extractEntry package.json
159 silly gunzTarPerm extractEntry package.json
160 silly gunzTarPerm extractEntry README.md
161 silly gunzTarPerm extractEntry LICENSE-MIT
162 silly gunzTarPerm extractEntry .npmignore
163 silly gunzTarPerm extractEntry README.md
164 silly gunzTarPerm extractEntry tasks/uglify.js
165 silly gunzTarPerm extractEntry LICENSE
166 silly gunzTarPerm extractEntry underscore-min.js
167 silly gunzTarPerm extractEntry underscore.js
168 silly gunzTarPerm extractEntry index.js
169 silly gunzTarPerm extractEntry .travis.yml
170 silly gunzTarPerm extractEntry tasks/lib/uglify.js
171 silly gunzTarPerm extractEntry index.html
172 silly gunzTarPerm extractEntry favicon.ico
173 silly gunzTarPerm extractEntry CONTRIBUTING.md
174 silly gunzTarPerm extractEntry CNAME
175 silly lockFile 560d9bf1-76735-0-6990879930090159-package tar:///var/folders/x7/lmkzs99s4yn8lfjg8j60fbh0lr04jq/T/npm-4670-vIYc0YK5/1449848976735-0.6990879930090159/package
176 silly lockFile 560d9bf1-76735-0-6990879930090159-package tar:///var/folders/x7/lmkzs99s4yn8lfjg8j60fbh0lr04jq/T/npm-4670-vIYc0YK5/1449848976735-0.6990879930090159/package
177 silly lockFile c1f9c08b-76735-0-6990879930090159-tmp-tgz tar:///var/folders/x7/lmkzs99s4yn8lfjg8j60fbh0lr04jq/T/npm-4670-vIYc0YK5/1449848976735-0.6990879930090159/tmp.tgz
178 silly lockFile c1f9c08b-76735-0-6990879930090159-tmp-tgz tar:///var/folders/x7/lmkzs99s4yn8lfjg8j60fbh0lr04jq/T/npm-4670-vIYc0YK5/1449848976735-0.6990879930090159/tmp.tgz
179 verbose tar pack [ '/Users/jmartin/.npm/grunt-contrib-uglify/0.3.2/package.tgz',
179 verbose tar pack   '/var/folders/x7/lmkzs99s4yn8lfjg8j60fbh0lr04jq/T/npm-4670-vIYc0YK5/1449848976735-0.6990879930090159/package' ]
180 verbose tarball /Users/jmartin/.npm/grunt-contrib-uglify/0.3.2/package.tgz
181 verbose folder /var/folders/x7/lmkzs99s4yn8lfjg8j60fbh0lr04jq/T/npm-4670-vIYc0YK5/1449848976735-0.6990879930090159/package
182 silly lockFile 560d9bf1-76735-0-6990879930090159-package tar:///var/folders/x7/lmkzs99s4yn8lfjg8j60fbh0lr04jq/T/npm-4670-vIYc0YK5/1449848976735-0.6990879930090159/package
183 verbose lock tar:///var/folders/x7/lmkzs99s4yn8lfjg8j60fbh0lr04jq/T/npm-4670-vIYc0YK5/1449848976735-0.6990879930090159/package /Users/jmartin/.npm/560d9bf1-76735-0-6990879930090159-package.lock
184 silly lockFile e923a549-contrib-uglify-0-3-2-package-tgz tar:///Users/jmartin/.npm/grunt-contrib-uglify/0.3.2/package.tgz
185 verbose lock tar:///Users/jmartin/.npm/grunt-contrib-uglify/0.3.2/package.tgz /Users/jmartin/.npm/e923a549-contrib-uglify-0-3-2-package-tgz.lock
186 silly lockFile 560d9bf1-76735-0-6990879930090159-package tar:///var/folders/x7/lmkzs99s4yn8lfjg8j60fbh0lr04jq/T/npm-4670-vIYc0YK5/1449848976735-0.6990879930090159/package
187 silly lockFile 560d9bf1-76735-0-6990879930090159-package tar:///var/folders/x7/lmkzs99s4yn8lfjg8j60fbh0lr04jq/T/npm-4670-vIYc0YK5/1449848976735-0.6990879930090159/package
188 silly lockFile e923a549-contrib-uglify-0-3-2-package-tgz tar:///Users/jmartin/.npm/grunt-contrib-uglify/0.3.2/package.tgz
189 silly lockFile e923a549-contrib-uglify-0-3-2-package-tgz tar:///Users/jmartin/.npm/grunt-contrib-uglify/0.3.2/package.tgz
190 silly lockFile 8371e915-unt-contrib-uglify-0-3-2-package /Users/jmartin/.npm/grunt-contrib-uglify/0.3.2/package
191 verbose lock /Users/jmartin/.npm/grunt-contrib-uglify/0.3.2/package /Users/jmartin/.npm/8371e915-unt-contrib-uglify-0-3-2-package.lock
192 silly lockFile 8371e915-unt-contrib-uglify-0-3-2-package /Users/jmartin/.npm/grunt-contrib-uglify/0.3.2/package
193 silly lockFile 8371e915-unt-contrib-uglify-0-3-2-package /Users/jmartin/.npm/grunt-contrib-uglify/0.3.2/package
194 verbose tar unpack /Users/jmartin/.npm/grunt-contrib-uglify/0.3.2/package.tgz
195 silly lockFile c0ce3a23-unt-contrib-uglify-0-3-2-package tar:///Users/jmartin/.npm/grunt-contrib-uglify/0.3.2/package
196 verbose lock tar:///Users/jmartin/.npm/grunt-contrib-uglify/0.3.2/package /Users/jmartin/.npm/c0ce3a23-unt-contrib-uglify-0-3-2-package.lock
197 silly lockFile e923a549-contrib-uglify-0-3-2-package-tgz tar:///Users/jmartin/.npm/grunt-contrib-uglify/0.3.2/package.tgz
198 verbose lock tar:///Users/jmartin/.npm/grunt-contrib-uglify/0.3.2/package.tgz /Users/jmartin/.npm/e923a549-contrib-uglify-0-3-2-package-tgz.lock
199 silly gunzTarPerm modes [ '755', '644' ]
200 silly lockFile f3ee8aaf-6731-0-14872219506651163-package tar:///var/folders/x7/lmkzs99s4yn8lfjg8j60fbh0lr04jq/T/npm-4670-vIYc0YK5/1449848976731-0.14872219506651163/package
201 silly lockFile f3ee8aaf-6731-0-14872219506651163-package tar:///var/folders/x7/lmkzs99s4yn8lfjg8j60fbh0lr04jq/T/npm-4670-vIYc0YK5/1449848976731-0.14872219506651163/package
202 silly lockFile f01b3d38-6731-0-14872219506651163-tmp-tgz tar:///var/folders/x7/lmkzs99s4yn8lfjg8j60fbh0lr04jq/T/npm-4670-vIYc0YK5/1449848976731-0.14872219506651163/tmp.tgz
203 silly lockFile f01b3d38-6731-0-14872219506651163-tmp-tgz tar:///var/folders/x7/lmkzs99s4yn8lfjg8j60fbh0lr04jq/T/npm-4670-vIYc0YK5/1449848976731-0.14872219506651163/tmp.tgz
204 verbose tar pack [ '/Users/jmartin/.npm/underscore/1.4.4/package.tgz',
204 verbose tar pack   '/var/folders/x7/lmkzs99s4yn8lfjg8j60fbh0lr04jq/T/npm-4670-vIYc0YK5/1449848976731-0.14872219506651163/package' ]
205 verbose tarball /Users/jmartin/.npm/underscore/1.4.4/package.tgz
206 verbose folder /var/folders/x7/lmkzs99s4yn8lfjg8j60fbh0lr04jq/T/npm-4670-vIYc0YK5/1449848976731-0.14872219506651163/package
207 silly lockFile f3ee8aaf-6731-0-14872219506651163-package tar:///var/folders/x7/lmkzs99s4yn8lfjg8j60fbh0lr04jq/T/npm-4670-vIYc0YK5/1449848976731-0.14872219506651163/package
208 verbose lock tar:///var/folders/x7/lmkzs99s4yn8lfjg8j60fbh0lr04jq/T/npm-4670-vIYc0YK5/1449848976731-0.14872219506651163/package /Users/jmartin/.npm/f3ee8aaf-6731-0-14872219506651163-package.lock
209 silly lockFile 84c967c1-npm-underscore-1-4-4-package-tgz tar:///Users/jmartin/.npm/underscore/1.4.4/package.tgz
210 verbose lock tar:///Users/jmartin/.npm/underscore/1.4.4/package.tgz /Users/jmartin/.npm/84c967c1-npm-underscore-1-4-4-package-tgz.lock
211 silly gunzTarPerm extractEntry package.json
212 silly gunzTarPerm extractEntry README.md
213 silly gunzTarPerm extractEntry LICENSE-MIT
214 silly gunzTarPerm extractEntry tasks/uglify.js
215 silly gunzTarPerm extractEntry tasks/lib/uglify.js
216 silly lockFile c0ce3a23-unt-contrib-uglify-0-3-2-package tar:///Users/jmartin/.npm/grunt-contrib-uglify/0.3.2/package
217 silly lockFile c0ce3a23-unt-contrib-uglify-0-3-2-package tar:///Users/jmartin/.npm/grunt-contrib-uglify/0.3.2/package
218 silly lockFile e923a549-contrib-uglify-0-3-2-package-tgz tar:///Users/jmartin/.npm/grunt-contrib-uglify/0.3.2/package.tgz
219 silly lockFile e923a549-contrib-uglify-0-3-2-package-tgz tar:///Users/jmartin/.npm/grunt-contrib-uglify/0.3.2/package.tgz
220 verbose chmod /Users/jmartin/.npm/grunt-contrib-uglify/0.3.2/package.tgz 644
221 verbose chown /Users/jmartin/.npm/grunt-contrib-uglify/0.3.2/package.tgz [ 662704695, 20 ]
222 silly lockFile f9eaf965-y-grunt-contrib-uglify-0-3-2-tgz https://registry.npmjs.org/grunt-contrib-uglify/-/grunt-contrib-uglify-0.3.2.tgz
223 silly lockFile f9eaf965-y-grunt-contrib-uglify-0-3-2-tgz https://registry.npmjs.org/grunt-contrib-uglify/-/grunt-contrib-uglify-0.3.2.tgz
224 silly lockFile 9a3ea55c-grunt-contrib-uglify-0-3-2 grunt-contrib-uglify@0.3.2
225 silly lockFile 9a3ea55c-grunt-contrib-uglify-0-3-2 grunt-contrib-uglify@0.3.2
226 silly lockFile f3ee8aaf-6731-0-14872219506651163-package tar:///var/folders/x7/lmkzs99s4yn8lfjg8j60fbh0lr04jq/T/npm-4670-vIYc0YK5/1449848976731-0.14872219506651163/package
227 silly lockFile f3ee8aaf-6731-0-14872219506651163-package tar:///var/folders/x7/lmkzs99s4yn8lfjg8j60fbh0lr04jq/T/npm-4670-vIYc0YK5/1449848976731-0.14872219506651163/package
228 silly lockFile 84c967c1-npm-underscore-1-4-4-package-tgz tar:///Users/jmartin/.npm/underscore/1.4.4/package.tgz
229 silly lockFile 84c967c1-npm-underscore-1-4-4-package-tgz tar:///Users/jmartin/.npm/underscore/1.4.4/package.tgz
230 silly lockFile b450b3b9-tin-npm-underscore-1-4-4-package /Users/jmartin/.npm/underscore/1.4.4/package
231 verbose lock /Users/jmartin/.npm/underscore/1.4.4/package /Users/jmartin/.npm/b450b3b9-tin-npm-underscore-1-4-4-package.lock
232 silly lockFile b450b3b9-tin-npm-underscore-1-4-4-package /Users/jmartin/.npm/underscore/1.4.4/package
233 silly lockFile b450b3b9-tin-npm-underscore-1-4-4-package /Users/jmartin/.npm/underscore/1.4.4/package
234 verbose tar unpack /Users/jmartin/.npm/underscore/1.4.4/package.tgz
235 silly lockFile fdf98b4c-tin-npm-underscore-1-4-4-package tar:///Users/jmartin/.npm/underscore/1.4.4/package
236 verbose lock tar:///Users/jmartin/.npm/underscore/1.4.4/package /Users/jmartin/.npm/fdf98b4c-tin-npm-underscore-1-4-4-package.lock
237 silly lockFile 84c967c1-npm-underscore-1-4-4-package-tgz tar:///Users/jmartin/.npm/underscore/1.4.4/package.tgz
238 verbose lock tar:///Users/jmartin/.npm/underscore/1.4.4/package.tgz /Users/jmartin/.npm/84c967c1-npm-underscore-1-4-4-package-tgz.lock
239 silly gunzTarPerm modes [ '755', '644' ]
240 silly gunzTarPerm extractEntry package.json
241 silly gunzTarPerm extractEntry .npmignore
242 silly gunzTarPerm extractEntry README.md
243 silly gunzTarPerm extractEntry LICENSE
244 silly gunzTarPerm extractEntry underscore-min.js
245 silly gunzTarPerm extractEntry index.js
246 silly gunzTarPerm extractEntry underscore.js
247 silly gunzTarPerm extractEntry index.html
248 silly gunzTarPerm extractEntry .travis.yml
249 silly gunzTarPerm extractEntry CONTRIBUTING.md
250 silly gunzTarPerm extractEntry CNAME
251 silly gunzTarPerm extractEntry favicon.ico
252 silly lockFile fdf98b4c-tin-npm-underscore-1-4-4-package tar:///Users/jmartin/.npm/underscore/1.4.4/package
253 silly lockFile fdf98b4c-tin-npm-underscore-1-4-4-package tar:///Users/jmartin/.npm/underscore/1.4.4/package
254 silly lockFile 84c967c1-npm-underscore-1-4-4-package-tgz tar:///Users/jmartin/.npm/underscore/1.4.4/package.tgz
255 silly lockFile 84c967c1-npm-underscore-1-4-4-package-tgz tar:///Users/jmartin/.npm/underscore/1.4.4/package.tgz
256 verbose chmod /Users/jmartin/.npm/underscore/1.4.4/package.tgz 644
257 verbose chown /Users/jmartin/.npm/underscore/1.4.4/package.tgz [ 662704695, 20 ]
258 silly lockFile 91efdde3--underscore-underscore-1-4-4-tgz https://registry.npmjs.org/underscore/-/underscore-1.4.4.tgz
259 silly lockFile 91efdde3--underscore-underscore-1-4-4-tgz https://registry.npmjs.org/underscore/-/underscore-1.4.4.tgz
260 silly lockFile c6b5e825-underscore-1-4-4 underscore@1.4.4
261 silly lockFile c6b5e825-underscore-1-4-4 underscore@1.4.4
262 http 200 https://registry.npmjs.org/grunt-cli/-/grunt-cli-0.1.6.tgz
263 verbose tar unpack /var/folders/x7/lmkzs99s4yn8lfjg8j60fbh0lr04jq/T/npm-4670-vIYc0YK5/1449848976718-0.4241363911423832/tmp.tgz
264 silly lockFile 624a1b0c-76718-0-4241363911423832-package tar:///var/folders/x7/lmkzs99s4yn8lfjg8j60fbh0lr04jq/T/npm-4670-vIYc0YK5/1449848976718-0.4241363911423832/package
265 verbose lock tar:///var/folders/x7/lmkzs99s4yn8lfjg8j60fbh0lr04jq/T/npm-4670-vIYc0YK5/1449848976718-0.4241363911423832/package /Users/jmartin/.npm/624a1b0c-76718-0-4241363911423832-package.lock
266 silly lockFile 30c4cfd2-76718-0-4241363911423832-tmp-tgz tar:///var/folders/x7/lmkzs99s4yn8lfjg8j60fbh0lr04jq/T/npm-4670-vIYc0YK5/1449848976718-0.4241363911423832/tmp.tgz
267 verbose lock tar:///var/folders/x7/lmkzs99s4yn8lfjg8j60fbh0lr04jq/T/npm-4670-vIYc0YK5/1449848976718-0.4241363911423832/tmp.tgz /Users/jmartin/.npm/30c4cfd2-76718-0-4241363911423832-tmp-tgz.lock
268 silly gunzTarPerm modes [ '755', '644' ]
269 silly gunzTarPerm extractEntry package.json
270 silly gunzTarPerm extractEntry .npmignore
271 silly gunzTarPerm extractEntry README.md
272 silly gunzTarPerm extractEntry Gruntfile.js
273 silly gunzTarPerm extractEntry .travis.yml
274 silly gunzTarPerm extractEntry AUTHORS
275 silly gunzTarPerm extractEntry bin/grunt
276 silly gunzTarPerm extractEntry completion/bash
277 silly gunzTarPerm extractEntry lib/cli.js
278 silly gunzTarPerm extractEntry lib/completion.js
279 silly gunzTarPerm extractEntry lib/info.js
280 silly gunzTarPerm extractEntry LICENSE-MIT
281 silly lockFile 624a1b0c-76718-0-4241363911423832-package tar:///var/folders/x7/lmkzs99s4yn8lfjg8j60fbh0lr04jq/T/npm-4670-vIYc0YK5/1449848976718-0.4241363911423832/package
282 silly lockFile 624a1b0c-76718-0-4241363911423832-package tar:///var/folders/x7/lmkzs99s4yn8lfjg8j60fbh0lr04jq/T/npm-4670-vIYc0YK5/1449848976718-0.4241363911423832/package
283 silly lockFile 30c4cfd2-76718-0-4241363911423832-tmp-tgz tar:///var/folders/x7/lmkzs99s4yn8lfjg8j60fbh0lr04jq/T/npm-4670-vIYc0YK5/1449848976718-0.4241363911423832/tmp.tgz
284 silly lockFile 30c4cfd2-76718-0-4241363911423832-tmp-tgz tar:///var/folders/x7/lmkzs99s4yn8lfjg8j60fbh0lr04jq/T/npm-4670-vIYc0YK5/1449848976718-0.4241363911423832/tmp.tgz
285 verbose tar pack [ '/Users/jmartin/.npm/grunt-cli/0.1.6/package.tgz',
285 verbose tar pack   '/var/folders/x7/lmkzs99s4yn8lfjg8j60fbh0lr04jq/T/npm-4670-vIYc0YK5/1449848976718-0.4241363911423832/package' ]
286 verbose tarball /Users/jmartin/.npm/grunt-cli/0.1.6/package.tgz
287 verbose folder /var/folders/x7/lmkzs99s4yn8lfjg8j60fbh0lr04jq/T/npm-4670-vIYc0YK5/1449848976718-0.4241363911423832/package
288 silly lockFile 624a1b0c-76718-0-4241363911423832-package tar:///var/folders/x7/lmkzs99s4yn8lfjg8j60fbh0lr04jq/T/npm-4670-vIYc0YK5/1449848976718-0.4241363911423832/package
289 verbose lock tar:///var/folders/x7/lmkzs99s4yn8lfjg8j60fbh0lr04jq/T/npm-4670-vIYc0YK5/1449848976718-0.4241363911423832/package /Users/jmartin/.npm/624a1b0c-76718-0-4241363911423832-package.lock
290 silly lockFile ff9d3cd0--npm-grunt-cli-0-1-6-package-tgz tar:///Users/jmartin/.npm/grunt-cli/0.1.6/package.tgz
291 verbose lock tar:///Users/jmartin/.npm/grunt-cli/0.1.6/package.tgz /Users/jmartin/.npm/ff9d3cd0--npm-grunt-cli-0-1-6-package-tgz.lock
292 silly lockFile 624a1b0c-76718-0-4241363911423832-package tar:///var/folders/x7/lmkzs99s4yn8lfjg8j60fbh0lr04jq/T/npm-4670-vIYc0YK5/1449848976718-0.4241363911423832/package
293 silly lockFile 624a1b0c-76718-0-4241363911423832-package tar:///var/folders/x7/lmkzs99s4yn8lfjg8j60fbh0lr04jq/T/npm-4670-vIYc0YK5/1449848976718-0.4241363911423832/package
294 silly lockFile ff9d3cd0--npm-grunt-cli-0-1-6-package-tgz tar:///Users/jmartin/.npm/grunt-cli/0.1.6/package.tgz
295 silly lockFile ff9d3cd0--npm-grunt-cli-0-1-6-package-tgz tar:///Users/jmartin/.npm/grunt-cli/0.1.6/package.tgz
296 silly lockFile 53c49a74-rtin-npm-grunt-cli-0-1-6-package /Users/jmartin/.npm/grunt-cli/0.1.6/package
297 verbose lock /Users/jmartin/.npm/grunt-cli/0.1.6/package /Users/jmartin/.npm/53c49a74-rtin-npm-grunt-cli-0-1-6-package.lock
298 silly lockFile 53c49a74-rtin-npm-grunt-cli-0-1-6-package /Users/jmartin/.npm/grunt-cli/0.1.6/package
299 silly lockFile 53c49a74-rtin-npm-grunt-cli-0-1-6-package /Users/jmartin/.npm/grunt-cli/0.1.6/package
300 verbose tar unpack /Users/jmartin/.npm/grunt-cli/0.1.6/package.tgz
301 silly lockFile 89c2cc2d-rtin-npm-grunt-cli-0-1-6-package tar:///Users/jmartin/.npm/grunt-cli/0.1.6/package
302 verbose lock tar:///Users/jmartin/.npm/grunt-cli/0.1.6/package /Users/jmartin/.npm/89c2cc2d-rtin-npm-grunt-cli-0-1-6-package.lock
303 silly lockFile ff9d3cd0--npm-grunt-cli-0-1-6-package-tgz tar:///Users/jmartin/.npm/grunt-cli/0.1.6/package.tgz
304 verbose lock tar:///Users/jmartin/.npm/grunt-cli/0.1.6/package.tgz /Users/jmartin/.npm/ff9d3cd0--npm-grunt-cli-0-1-6-package-tgz.lock
305 silly gunzTarPerm modes [ '755', '644' ]
306 silly gunzTarPerm extractEntry package.json
307 silly gunzTarPerm extractEntry .npmignore
308 silly gunzTarPerm extractEntry README.md
309 silly gunzTarPerm extractEntry Gruntfile.js
310 silly gunzTarPerm extractEntry .travis.yml
311 silly gunzTarPerm extractEntry AUTHORS
312 silly gunzTarPerm extractEntry LICENSE-MIT
313 silly gunzTarPerm extractEntry bin/grunt
314 silly gunzTarPerm extractEntry completion/bash
315 silly gunzTarPerm extractEntry lib/cli.js
316 silly gunzTarPerm extractEntry lib/completion.js
317 silly gunzTarPerm extractEntry lib/info.js
318 silly lockFile 89c2cc2d-rtin-npm-grunt-cli-0-1-6-package tar:///Users/jmartin/.npm/grunt-cli/0.1.6/package
319 silly lockFile 89c2cc2d-rtin-npm-grunt-cli-0-1-6-package tar:///Users/jmartin/.npm/grunt-cli/0.1.6/package
320 silly lockFile ff9d3cd0--npm-grunt-cli-0-1-6-package-tgz tar:///Users/jmartin/.npm/grunt-cli/0.1.6/package.tgz
321 silly lockFile ff9d3cd0--npm-grunt-cli-0-1-6-package-tgz tar:///Users/jmartin/.npm/grunt-cli/0.1.6/package.tgz
322 verbose chmod /Users/jmartin/.npm/grunt-cli/0.1.6/package.tgz 644
323 verbose chown /Users/jmartin/.npm/grunt-cli/0.1.6/package.tgz [ 662704695, 20 ]
324 silly lockFile c8f06e91-rg-grunt-cli-grunt-cli-0-1-6-tgz https://registry.npmjs.org/grunt-cli/-/grunt-cli-0.1.6.tgz
325 silly lockFile c8f06e91-rg-grunt-cli-grunt-cli-0-1-6-tgz https://registry.npmjs.org/grunt-cli/-/grunt-cli-0.1.6.tgz
326 silly lockFile dc8a40ae-grunt-cli-0-1-6 grunt-cli@0.1.6
327 silly lockFile dc8a40ae-grunt-cli-0-1-6 grunt-cli@0.1.6
328 error git fetch -a origin (git://github.com/rockwood/grunt-templater.git) fatal: unable to connect to github.com:
328 error git fetch -a origin (git://github.com/rockwood/grunt-templater.git) github.com[0: 192.30.252.129]: errno=Operation timed out
329 silly lockFile e646b1ec-com-rockwood-grunt-templater-git git://github.com/rockwood/grunt-templater.git
330 silly lockFile e646b1ec-com-rockwood-grunt-templater-git git://github.com/rockwood/grunt-templater.git
331 error Error: Command failed: fatal: unable to connect to github.com:
331 error github.com[0: 192.30.252.129]: errno=Operation timed out
331 error
331 error
331 error     at ChildProcess.exithandler (child_process.js:637:15)
331 error     at ChildProcess.EventEmitter.emit (events.js:98:17)
331 error     at maybeClose (child_process.js:743:16)
331 error     at Socket.<anonymous> (child_process.js:956:11)
331 error     at Socket.EventEmitter.emit (events.js:95:17)
331 error     at Pipe.close (net.js:465:12)
332 error If you need help, you may report this *entire* log,
332 error including the npm and node versions, at:
332 error     <http://github.com/npm/npm/issues>
333 error System Darwin 13.4.0
334 error command "node" "/usr/local/bin/npm" "install"
335 error cwd /Users/jmartin/views/2015/apps/cisco/data-validation/feature-story-misalignment-by-project
336 error node -v v0.10.26
337 error npm -v 1.4.3
338 error code 128
339 verbose exit [ 1, true ]
